Lab4_UILabs/app/build/intermediates/manifest_merge_blame_file/debug/manifest-merger-blame-debug-report.txt
1<?xml version="1.0" encoding="utf-8"?>
2<manifest xmlns:android="http://schemas.android.com/apk/res/android"
3    package="course.labs.todomanager"
4    android:versionCode="1"
5    android:versionName="1.0" >
6
7    <uses-sdk
7-->src\main\AndroidManifest.xml:7:5-9:41
8        android:minSdkVersion="14"
8-->src\main\AndroidManifest.xml:8:9-35
9        android:targetSdkVersion="19" />
9-->src\main\AndroidManifest.xml:9:9-38
10
11    <application
11-->src\main\AndroidManifest.xml:11:5-26:19
12        android:allowBackup="true"
12-->src\main\AndroidManifest.xml:12:9-35
13        android:debuggable="true"
14        android:icon="@drawable/ic_launcher"
14-->src\main\AndroidManifest.xml:13:9-45
15        android:label="@string/app_name"
15-->src\main\AndroidManifest.xml:14:9-41
16        android:testOnly="true" >
17        <activity
17-->src\main\AndroidManifest.xml:15:9-23:20
18            android:name="course.labs.todomanager.ToDoManagerActivity"
18-->src\main\AndroidManifest.xml:16:13-48
19            android:label="@string/app_name" >
19-->src\main\AndroidManifest.xml:17:13-45
20            <intent-filter>
20-->src\main\AndroidManifest.xml:18:13-22:29
21                <action android:name="android.intent.action.MAIN" />
21-->src\main\AndroidManifest.xml:19:17-69
21-->src\main\AndroidManifest.xml:19:25-66
22
23                <category android:name="android.intent.category.LAUNCHER" />
23-->src\main\AndroidManifest.xml:21:17-77
23-->src\main\AndroidManifest.xml:21:27-74
24            </intent-filter>
25        </activity>
26        <activity android:name="course.labs.todomanager.AddToDoActivity" >
26-->src\main\AndroidManifest.xml:24:9-25:20
26-->src\main\AndroidManifest.xml:24:19-50
27        </activity>
28    </application>
29
30</manifest>